#
# There is insufficient memory for the Java Runtime Environment to continue.
# Native memory allocation (malloc) failed to allocate 14334492672 bytes for committing reserved memory.
# Possible reasons:
#   The system is out of physical RAM or swap space
#   In 32 bit mode, the process size limit was hit
# Possible solutions:
#   Reduce memory load on the system
#   Increase physical memory or swap space
#   Check if swap backing store is full
#   Use 64 bit Java on a 64 bit OS
#   Decrease Java heap size (-Xmx/-Xms)
#   Decrease number of Java threads
#   Decrease Java thread stack sizes (-Xss)
#   Set larger code cache with -XX:ReservedCodeCacheSize=
# This output file may be truncated or incomplete.
#
#  Out of Memory Error (os_linux.cpp:2827), pid=27065, tid=140563169408768
#
# JRE version:  (7.0_91-b02) (build )
# Java VM: OpenJDK 64-Bit Server VM (24.91-b01 mixed mode linux-amd64 compressed oops)
# Derivative: IcedTea 2.6.3
# Distribution: Ubuntu 15.10, package 7u91-2.6.3-0ubuntu0.15.10.1
# Failed to write core dump. Core dumps have been disabled. To enable core dumping, try "ulimit -c unlimited" before starting Java again
#

---------------  T H R E A D  ---------------

Current thread (0x00007fd76000b000):  JavaThread "Unknown thread" [_thread_in_vm, id=27124, stack(0x00007fd769b7f000,0x00007fd769c80000)]

Stack: [0x00007fd769b7f000,0x00007fd769c80000],  sp=0x00007fd769c7e530,  free space=1021k
Native frames: (J=compiled Java code, j=interpreted, Vv=VM code, C=native code)
V  [libjvm.so+0x9948f3]  VMError::report_and_die()+0x183
V  [libjvm.so+0x48a9df]  report_vm_out_of_memory(char const*, int, unsigned long, char const*)+0x8f
V  [libjvm.so+0x80143b]  os::pd_commit_memory(char*, unsigned long, unsigned long, bool)+0xeb
V  [libjvm.so+0x7fb82e]  os::commit_memory(char*, unsigned long, unsigned long, bool)+0x2e
V  [libjvm.so+0x991314]  VirtualSpace::expand_by(unsigned long, bool)+0x1c4
V  [libjvm.so+0x578372]  CardGeneration::CardGeneration(ReservedSpace, unsigned long, int, GenRemSet*)+0x102
V  [libjvm.so+0x45aeb3]  ConcurrentMarkSweepGeneration::ConcurrentMarkSweepGeneration(ReservedSpace, unsigned long, int, CardTableRS*, bool, FreeBlockDictionary<FreeChunk>::DictionaryChoice)+0x43
V  [libjvm.so+0x57901d]  GenerationSpec::init(ReservedSpace, int, GenRemSet*)+0x1ed
V  [libjvm.so+0x5673fd]  GenCollectedHeap::initialize()+0x35d
V  [libjvm.so+0x95f127]  Universe::initialize_heap()+0xc7
V  [libjvm.so+0x95f466]  universe_init()+0x76
V  [libjvm.so+0x5b574f]  init_globals()+0x5f
V  [libjvm.so+0x94312f]  Threads::create_vm(JavaVMInitArgs*, bool*)+0x2bf
V  [libjvm.so+0x626f69]  JNI_CreateJavaVM+0x69
C  [libjli.so+0x2b8e]


---------------  P R O C E S S  ---------------

Java Threads: ( => current thread )

Other Threads:

=>0x00007fd76000b000 (exited) JavaThread "Unknown thread" [_thread_in_vm, id=27124, stack(0x00007fd769b7f000,0x00007fd769c80000)]

VM state:not at safepoint (not fully initialized)

VM Mutex/Monitor currently owned by a thread: None

GC Heap History (0 events):
No events

Deoptimization events (0 events):
No events

Internal exceptions (0 events):
No events

Events (0 events):
No events


Dynamic libraries:
00400000-00401000 r-xp 00000000 08:05 267759                             /usr/lib/jvm/java-7-openjdk-amd64/jre/bin/java
00600000-00601000 r--p 00000000 08:05 267759                             /usr/lib/jvm/java-7-openjdk-amd64/jre/bin/java
00601000-00602000 rw-p 00001000 08:05 267759                             /usr/lib/jvm/java-7-openjdk-amd64/jre/bin/java
01837000-01858000 rw-p 00000000 00:00 0                                  [heap]
347800000-371190000 rw-p 00000000 00:00 0 
6c7800000-800000000 rw-p 00000000 00:00 0 
7fd738000000-7fd738021000 rw-p 00000000 00:00 0 
7fd738021000-7fd73c000000 ---p 00000000 00:00 0 
7fd73da3b000-7fd73db88000 rw-p 00000000 00:00 0 
7fd73db88000-7fd73ffff000 rw-p 00000000 00:00 0 
7fd73ffff000-7fd740000000 rw-p 00000000 00:00 0 
7fd740000000-7fd740021000 rw-p 00000000 00:00 0 
7fd740021000-7fd744000000 ---p 00000000 00:00 0 
7fd744000000-7fd744021000 rw-p 00000000 00:00 0 
7fd744021000-7fd748000000 ---p 00000000 00:00 0 
7fd748000000-7fd748021000 rw-p 00000000 00:00 0 
7fd748021000-7fd74c000000 ---p 00000000 00:00 0 
7fd74c000000-7fd74c021000 rw-p 00000000 00:00 0 
7fd74c021000-7fd750000000 ---p 00000000 00:00 0 
7fd750000000-7fd750021000 rw-p 00000000 00:00 0 
7fd750021000-7fd754000000 ---p 00000000 00:00 0 
7fd754000000-7fd754021000 rw-p 00000000 00:00 0 
7fd754021000-7fd758000000 ---p 00000000 00:00 0 
7fd758000000-7fd758021000 rw-p 00000000 00:00 0 
7fd758021000-7fd75c000000 ---p 00000000 00:00 0 
7fd75d000000-7fd75d270000 rwxp 00000000 00:00 0 
7fd75d270000-7fd760036000 rw-p 00000000 00:00 0 
7fd760036000-7fd764000000 ---p 00000000 00:00 0 
7fd7654c3000-7fd765f04000 rw-p 00000000 00:00 0 
7fd765f04000-7fd765f05000 ---p 00000000 00:00 0 
7fd765f05000-7fd766005000 rw-p 00000000 00:00 0                          [stack:27132]
7fd766005000-7fd766006000 ---p 00000000 00:00 0 
7fd766006000-7fd766106000 rw-p 00000000 00:00 0                          [stack:27131]
7fd766106000-7fd766107000 ---p 00000000 00:00 0 
7fd766107000-7fd766207000 rw-p 00000000 00:00 0                          [stack:27130]
7fd766207000-7fd766208000 ---p 00000000 00:00 0 
7fd766208000-7fd766308000 rw-p 00000000 00:00 0                          [stack:27129]
7fd766308000-7fd766309000 ---p 00000000 00:00 0 
7fd766309000-7fd766409000 rw-p 00000000 00:00 0                          [stack:27128]
7fd766409000-7fd76640a000 ---p 00000000 00:00 0 
7fd76640a000-7fd76650a000 rw-p 00000000 00:00 0                          [stack:27127]
7fd76650a000-7fd76650b000 ---p 00000000 00:00 0 
7fd76650b000-7fd76660b000 rw-p 00000000 00:00 0                          [stack:27126]
7fd76660b000-7fd76660c000 ---p 00000000 00:00 0 
7fd76660c000-7fd76670c000 rw-p 00000000 00:00 0                          [stack:27125]
7fd76670c000-7fd766714000 r-xp 00000000 08:05 267788                     /usr/lib/jvm/java-7-openjdk-amd64/jre/lib/amd64/libzip.so
7fd766714000-7fd766913000 ---p 00008000 08:05 267788                     /usr/lib/jvm/java-7-openjdk-amd64/jre/lib/amd64/libzip.so
7fd766913000-7fd766914000 r--p 00007000 08:05 267788                     /usr/lib/jvm/java-7-openjdk-amd64/jre/lib/amd64/libzip.so
7fd766914000-7fd766915000 rw-p 00008000 08:05 267788                     /usr/lib/jvm/java-7-openjdk-amd64/jre/lib/amd64/libzip.so
7fd766915000-7fd766921000 r-xp 00000000 08:05 5378177                    /lib/x86_64-linux-gnu/libnss_files-2.21.so
7fd766921000-7fd766b20000 ---p 0000c000 08:05 5378177                    /lib/x86_64-linux-gnu/libnss_files-2.21.so
7fd766b20000-7fd766b21000 r--p 0000b000 08:05 5378177                    /lib/x86_64-linux-gnu/libnss_files-2.21.so
7fd766b21000-7fd766b22000 rw-p 0000c000 08:05 5378177                    /lib/x86_64-linux-gnu/libnss_files-2.21.so
7fd766b22000-7fd766b2d000 r-xp 00000000 08:05 5380123                    /lib/x86_64-linux-gnu/libnss_nis-2.21.so
7fd766b2d000-7fd766d2c000 ---p 0000b000 08:05 5380123                    /lib/x86_64-linux-gnu/libnss_nis-2.21.so
7fd766d2c000-7fd766d2d000 r--p 0000a000 08:05 5380123                    /lib/x86_64-linux-gnu/libnss_nis-2.21.so
7fd766d2d000-7fd766d2e000 rw-p 0000b000 08:05 5380123                    /lib/x86_64-linux-gnu/libnss_nis-2.21.so
7fd766d2e000-7fd766d45000 r-xp 00000000 08:05 5378224                    /lib/x86_64-linux-gnu/libnsl-2.21.so
7fd766d45000-7fd766f44000 ---p 00017000 08:05 5378224                    /lib/x86_64-linux-gnu/libnsl-2.21.so
7fd766f44000-7fd766f45000 r--p 00016000 08:05 5378224                    /lib/x86_64-linux-gnu/libnsl-2.21.so
7fd766f45000-7fd766f46000 rw-p 00017000 08:05 5378224                    /lib/x86_64-linux-gnu/libnsl-2.21.so
7fd766f46000-7fd766f48000 rw-p 00000000 00:00 0 
7fd766f48000-7fd766f50000 r-xp 00000000 08:05 5378186                    /lib/x86_64-linux-gnu/libnss_compat-2.21.so
7fd766f50000-7fd76714f000 ---p 00008000 08:05 5378186                    /lib/x86_64-linux-gnu/libnss_compat-2.21.so
7fd76714f000-7fd767150000 r--p 00007000 08:05 5378186                    /lib/x86_64-linux-gnu/libnss_compat-2.21.so
7fd767150000-7fd767151000 rw-p 00008000 08:05 5378186                    /lib/x86_64-linux-gnu/libnss_compat-2.21.so
7fd767151000-7fd76717d000 r-xp 00000000 08:05 267796                     /usr/lib/jvm/java-7-openjdk-amd64/jre/lib/amd64/libjava.so
7fd76717d000-7fd76737c000 ---p 0002c000 08:05 267796                     /usr/lib/jvm/java-7-openjdk-amd64/jre/lib/amd64/libjava.so
7fd76737c000-7fd76737d000 r--p 0002b000 08:05 267796                     /usr/lib/jvm/java-7-openjdk-amd64/jre/lib/amd64/libjava.so
7fd76737d000-7fd76737f000 rw-p 0002c000 08:05 267796                     /usr/lib/jvm/java-7-openjdk-amd64/jre/lib/amd64/libjava.so
7fd76737f000-7fd76738e000 r-xp 00000000 08:05 267810                     /usr/lib/jvm/java-7-openjdk-amd64/jre/lib/amd64/libverify.so
7fd76738e000-7fd76758d000 ---p 0000f000 08:05 267810                     /usr/lib/jvm/java-7-openjdk-amd64/jre/lib/amd64/libverify.so
7fd76758d000-7fd76758f000 r--p 0000e000 08:05 267810                     /usr/lib/jvm/java-7-openjdk-amd64/jre/lib/amd64/libverify.so
7fd76758f000-7fd767590000 rw-p 00010000 08:05 267810                     /usr/lib/jvm/java-7-openjdk-amd64/jre/lib/amd64/libverify.so
7fd767590000-7fd767597000 r-xp 00000000 08:05 5378156                    /lib/x86_64-linux-gnu/librt-2.21.so
7fd767597000-7fd767796000 ---p 00007000 08:05 5378156                    /lib/x86_64-linux-gnu/librt-2.21.so
7fd767796000-7fd767797000 r--p 00006000 08:05 5378156                    /lib/x86_64-linux-gnu/librt-2.21.so
7fd767797000-7fd767798000 rw-p 00007000 08:05 5378156                    /lib/x86_64-linux-gnu/librt-2.21.so
7fd767798000-7fd7677ae000 r-xp 00000000 08:05 5373993                    /lib/x86_64-linux-gnu/libgcc_s.so.1
7fd7677ae000-7fd7679ad000 ---p 00016000 08:05 5373993                    /lib/x86_64-linux-gnu/libgcc_s.so.1
7fd7679ad000-7fd7679ae000 r--p 00015000 08:05 5373993                    /lib/x86_64-linux-gnu/libgcc_s.so.1
7fd7679ae000-7fd7679af000 rw-p 00016000 08:05 5373993                    /lib/x86_64-linux-gnu/libgcc_s.so.1
7fd7679af000-7fd767ab6000 r-xp 00000000 08:05 5380126                    /lib/x86_64-linux-gnu/libm-2.21.so
7fd767ab6000-7fd767cb5000 ---p 00107000 08:05 5380126                    /lib/x86_64-linux-gnu/libm-2.21.so
7fd767cb5000-7fd767cb6000 r--p 00106000 08:05 5380126                    /lib/x86_64-linux-gnu/libm-2.21.so
7fd767cb6000-7fd767cb7000 rw-p 00107000 08:05 5380126                    /lib/x86_64-linux-gnu/libm-2.21.so
7fd767cb7000-7fd767e2a000 r-xp 00000000 08:05 263471                     /usr/lib/x86_64-linux-gnu/libstdc++.so.6.0.21
7fd767e2a000-7fd768029000 ---p 00173000 08:05 263471                     /usr/lib/x86_64-linux-gnu/libstdc++.so.6.0.21
7fd768029000-7fd768033000 r--p 00172000 08:05 263471                     /usr/lib/x86_64-linux-gnu/libstdc++.so.6.0.21
7fd768033000-7fd768035000 rw-p 0017c000 08:05 263471                     /usr/lib/x86_64-linux-gnu/libstdc++.so.6.0.21
7fd768035000-7fd768039000 rw-p 00000000 00:00 0 
7fd768039000-7fd768b8a000 r-xp 00000000 08:05 267802                     /usr/lib/jvm/java-7-openjdk-amd64/jre/lib/amd64/server/libjvm.so
7fd768b8a000-7fd768d89000 ---p 00b51000 08:05 267802                     /usr/lib/jvm/java-7-openjdk-amd64/jre/lib/amd64/server/libjvm.so
7fd768d89000-7fd768e1a000 r--p 00b50000 08:05 267802                     /usr/lib/jvm/java-7-openjdk-amd64/jre/lib/amd64/server/libjvm.so
7fd768e1a000-7fd768e3d000 rw-p 00be1000 08:05 267802                     /usr/lib/jvm/java-7-openjdk-amd64/jre/lib/amd64/server/libjvm.so
7fd768e3d000-7fd768e68000 rw-p 00000000 00:00 0 
7fd768e68000-7fd768e81000 r-xp 00000000 08:05 5374009                    /lib/x86_64-linux-gnu/libz.so.1.2.8
7fd768e81000-7fd769080000 ---p 00019000 08:05 5374009                    /lib/x86_64-linux-gnu/libz.so.1.2.8
7fd769080000-7fd769081000 r--p 00018000 08:05 5374009                    /lib/x86_64-linux-gnu/libz.so.1.2.8
7fd769081000-7fd769082000 rw-p 00019000 08:05 5374009                    /lib/x86_64-linux-gnu/libz.so.1.2.8
7fd769082000-7fd76909a000 r-xp 00000000 08:05 5378159                    /lib/x86_64-linux-gnu/libpthread-2.21.so
7fd76909a000-7fd76929a000 ---p 00018000 08:05 5378159                    /lib/x86_64-linux-gnu/libpthread-2.21.so
7fd76929a000-7fd76929b000 r--p 00018000 08:05 5378159                    /lib/x86_64-linux-gnu/libpthread-2.21.so
7fd76929b000-7fd76929c000 rw-p 00019000 08:05 5378159                    /lib/x86_64-linux-gnu/libpthread-2.21.so
7fd76929c000-7fd7692a0000 rw-p 00000000 00:00 0 
7fd7692a0000-7fd7692a3000 r-xp 00000000 08:05 5378442                    /lib/x86_64-linux-gnu/libdl-2.21.so
7fd7692a3000-7fd7694a2000 ---p 00003000 08:05 5378442                    /lib/x86_64-linux-gnu/libdl-2.21.so
7fd7694a2000-7fd7694a3000 r--p 00002000 08:05 5378442                    /lib/x86_64-linux-gnu/libdl-2.21.so
7fd7694a3000-7fd7694a4000 rw-p 00003000 08:05 5378442                    /lib/x86_64-linux-gnu/libdl-2.21.so
7fd7694a4000-7fd769664000 r-xp 00000000 08:05 5380127                    /lib/x86_64-linux-gnu/libc-2.21.so
7fd769664000-7fd769864000 ---p 001c0000 08:05 5380127                    /lib/x86_64-linux-gnu/libc-2.21.so
7fd769864000-7fd769868000 r--p 001c0000 08:05 5380127                    /lib/x86_64-linux-gnu/libc-2.21.so
7fd769868000-7fd76986a000 rw-p 001c4000 08:05 5380127                    /lib/x86_64-linux-gnu/libc-2.21.so
7fd76986a000-7fd76986e000 rw-p 00000000 00:00 0 
7fd76986e000-7fd76987b000 r-xp 00000000 08:05 267811                     /usr/lib/jvm/java-7-openjdk-amd64/jre/lib/amd64/jli/libjli.so
7fd76987b000-7fd769a7a000 ---p 0000d000 08:05 267811                     /usr/lib/jvm/java-7-openjdk-amd64/jre/lib/amd64/jli/libjli.so
7fd769a7a000-7fd769a7b000 r--p 0000c000 08:05 267811                     /usr/lib/jvm/java-7-openjdk-amd64/jre/lib/amd64/jli/libjli.so
7fd769a7b000-7fd769a7c000 rw-p 0000d000 08:05 267811                     /usr/lib/jvm/java-7-openjdk-amd64/jre/lib/amd64/jli/libjli.so
7fd769a7c000-7fd769aa0000 r-xp 00000000 08:05 5378277                    /lib/x86_64-linux-gnu/ld-2.21.so
7fd769abf000-7fd769ac9000 rw-p 00000000 00:00 0 
7fd769ac9000-7fd769b7f000 rw-p 00000000 00:00 0 
7fd769b7f000-7fd769b82000 ---p 00000000 00:00 0 
7fd769b82000-7fd769c85000 rw-p 00000000 00:00 0                          [stack:27124]
7fd769c90000-7fd769c92000 rw-p 00000000 00:00 0 
7fd769c92000-7fd769c9a000 rw-s 00000000 08:05 270252                     /tmp/hsperfdata_hadoop/27065
7fd769c9a000-7fd769c9c000 rw-p 00000000 00:00 0 
7fd769c9c000-7fd769c9d000 r--p 00000000 00:00 0 
7fd769c9d000-7fd769c9f000 rw-p 00000000 00:00 0 
7fd769c9f000-7fd769ca0000 r--p 00023000 08:05 5378277                    /lib/x86_64-linux-gnu/ld-2.21.so
7fd769ca0000-7fd769ca1000 rw-p 00024000 08:05 5378277                    /lib/x86_64-linux-gnu/ld-2.21.so
7fd769ca1000-7fd769ca2000 rw-p 00000000 00:00 0 
7ffc45623000-7ffc45646000 rw-p 00000000 00:00 0                          [stack]
7ffc45741000-7ffc45743000 r--p 00000000 00:00 0                          [vvar]
7ffc45743000-7ffc45745000 r-xp 00000000 00:00 0                          [vdso]
ffffffffff600000-ffffffffff601000 r-xp 00000000 00:00 0                  [vsyscall]

VM Arguments:
jvm_args: -Dtachyon.zookeeper.address=spark-1423-0003:2181,spark-1421-0003:2181,spark-1421-0004:2181,spark-1421-0005:2181,spark-1421-0006:2181 -Dtachyon.usezookeeper=true -Xms10000m -Xmx14096m -XX:MaxPermSize=5000m -verbose:gc -XX:+PrintGCDetails -XX:+PrintGCTimeStamps -XX:-UseGCOverheadLimit -XX:+UseConcMarkSweepGC -XX:+UseCompressedOops -XX:+UseCompressedStrings -Dspark.storage.blockManagerHeartBeatMs=60000 -Dspark.local.dir=/home/hadoop/software/cloud/tmp -XX:+PrintGCDetails -XX:+PrintGCTimeStamps -Xloggc:/home/hadoop/software/cloud/spark-1.4.0/logs/gc.log -XX:+UseConcMarkSweepGC -XX:+UseCMSCompactAtFullCollection -XX:CMSInitiatingOccupancyFraction=60 -Xms14G -Xmx14G 
java_command: org.apache.spark.deploy.SparkSubmit --master spark://spark-1421-0002:7077,spark-1421-0001:7077 --class com.ynu.MetaSpark --name metaspark_1k /home/hadoop/haozhangRS/matespark/github/MetaSpark/MetaSpark-v2.0/MetaSpark-v2.0/target/MetaSparkV2-0.0.1-SNAPSHOT-executable.jar --read hdfs://hadoop-cluster/common-data/bioinfo/frhit/fr-hit-read-ref/out_10w_read.txt --ref hdfs://hadoop-cluster/common-data/bioinfo/frhit/Bacteria-Data/Bacteria-Data-1.3/ref --refindex hdfs://hadoop-cluster/common-data/bioinfo/frhit/ref-index-1.3 --result hdfs://hadoop-cluster/common-data/bioinfo/frhit/supplyment/metaspark_memory_10w_90_40_1.3_hz17 --identity 90 --aligment 40 --overlap 8
Launcher Type: SUN_STANDARD

Environment Variables:
JAVA_HOME=/usr/lib/jvm/java-1.7.0-openjdk-amd64
JRE_HOME=/usr/lib/jvm/java-1.7.0-openjdk-amd64/jre
CLASSPATH=.:/usr/lib/jvm/java-1.7.0-openjdk-amd64/lib:/usr/lib/jvm/java-1.7.0-openjdk-amd64/jre/lib
PATH=/home/hadoop/software/cloud/apache-hive-1.0.1-bin/bin:/home/hadoop/software/dev/apache-maven-3.2.5/bin:/home/hadoop/software/cloud/zookeeper-3.4.6/bin:/home/hadoop/software/cloud/hbase-1.0.0/bin:/home/hadoop/software/dev/scala-2.10.4/bin:/home/hadoop/software/cloud/spark-1.4.0/sbin:/home/hadoop/software/cloud/spark-1.4.0/bin:/home/hadoop/software/dev/idea-IU-139.1117.1/bin:/home/hadoop/software/cloud/hadoop-2.6.0/bin:/home/hadoop/software/cloud/hadoop-2.6.0/sbin:/usr/local/sbin:/usr/local/bin:/usr/sbin:/usr/bin:/sbin:/bin:/usr/games:/usr/local/games
SHELL=/bin/bash
DISPLAY=:0

Signal Handlers:
SIGSEGV: [libjvm.so+0x995450], sa_mask[0]=0x7ffbfeff, sa_flags=0x10000004
SIGBUS: [libjvm.so+0x995450], sa_mask[0]=0x7ffbfeff, sa_flags=0x10000004
SIGFPE: [libjvm.so+0x7fc6a0], sa_mask[0]=0x7ffbfeff, sa_flags=0x10000004
SIGPIPE: [libjvm.so+0x7fc6a0], sa_mask[0]=0x7ffbfeff, sa_flags=0x10000004
SIGXFSZ: [libjvm.so+0x7fc6a0], sa_mask[0]=0x7ffbfeff, sa_flags=0x10000004
SIGILL: [libjvm.so+0x7fc6a0], sa_mask[0]=0x7ffbfeff, sa_flags=0x10000004
SIGUSR1: SIG_DFL, sa_mask[0]=0x00000000, sa_flags=0x00000000
SIGUSR2: [libjvm.so+0x7fc520], sa_mask[0]=0x00000000, sa_flags=0x10000004
SIGHUP: SIG_DFL, sa_mask[0]=0x00000000, sa_flags=0x00000000
SIGINT: SIG_DFL, sa_mask[0]=0x00000000, sa_flags=0x00000000
SIGTERM: SIG_DFL, sa_mask[0]=0x00000000, sa_flags=0x00000000
SIGQUIT: SIG_DFL, sa_mask[0]=0x00000000, sa_flags=0x00000000
SIGTRAP: SIG_DFL, sa_mask[0]=0x00000000, sa_flags=0x00000000


---------------  S Y S T E M  ---------------

OS:Ubuntu 15.10 (wily)
uname:Linux 4.2.0-23-generic #28-Ubuntu SMP Sun Dec 27 17:47:31 UTC 2015 x86_64
libc:glibc 2.21 NPTL 2.21 
rlimit: STACK 8192k, CORE 0k, NPROC 63097, NOFILE 65536, AS infinity
load average:0.68 0.63 0.71

/proc/meminfo:
MemTotal:       16390184 kB
MemFree:         8107800 kB
MemAvailable:    8764064 kB
Buffers:           47180 kB
Cached:           635508 kB
SwapCached:       107608 kB
Active:          5338148 kB
Inactive:        2681776 kB
Active(anon):    4945884 kB
Inactive(anon):  2408844 kB
Active(file):     392264 kB
Inactive(file):   272932 kB
Unevictable:          96 kB
Mlocked:              96 kB
SwapTotal:      10000372 kB
SwapFree:        5131872 kB
Dirty:              2648 kB
Writeback:             0 kB
AnonPages:       7274596 kB
Mapped:           148872 kB
Shmem:             17356 kB
Slab:              99444 kB
SReclaimable:      51548 kB
SUnreclaim:        47896 kB
KernelStack:       15824 kB
PageTables:        59492 kB
NFS_Unstable:          0 kB
Bounce:                0 kB
WritebackTmp:          0 kB
CommitLimit:    18195464 kB
Committed_AS:   39101848 kB
VmallocTotal:   34359738367 kB
VmallocUsed:      116616 kB
VmallocChunk:   34359497052 kB
HardwareCorrupted:     0 kB
AnonHugePages:   2779136 kB
CmaTotal:              0 kB
CmaFree:               0 kB
HugePages_Total:       0
HugePages_Free:        0
HugePages_Rsvd:        0
HugePages_Surp:        0
Hugepagesize:       2048 kB
DirectMap4k:      246344 kB
DirectMap2M:    16488448 kB


CPU:total 8 (4 cores per cpu, 2 threads per core) family 6 model 58 stepping 9, cmov, cx8, fxsr, mmx, sse, sse2, sse3, ssse3, sse4.1, sse4.2, popcnt, avx, aes, erms, ht, tsc, tscinvbit, tscinv

/proc/cpuinfo:
processor	: 0
vendor_id	: GenuineIntel
cpu family	: 6
model		: 58
model name	: Intel(R) Core(TM) i7-3770 CPU @ 3.40GHz
stepping	: 9
microcode	: 0x19
cpu MHz		: 2278.796
cache size	: 8192 KB
physical id	: 0
siblings	: 8
core id		: 0
cpu cores	: 4
apicid		: 0
initial apicid	: 0
fpu		: yes
fpu_exception	: yes
cpuid level	: 13
wp		: yes
flags		: fpu vme de pse tsc msr pae mce cx8 apic sep mtrr pge mca cmov pat pse36 clflush dts acpi mmx fxsr sse sse2 ss ht tm pbe syscall nx rdtscp lm constant_tsc arch_perfmon pebs bts rep_good nopl xtopology nonstop_tsc aperfmperf eagerfpu pni pclmulqdq dtes64 monitor ds_cpl vmx smx est tm2 ssse3 cx16 xtpr pdcm pcid sse4_1 sse4_2 x2apic popcnt tsc_deadline_timer aes xsave avx f16c rdrand lahf_lm ida arat epb pln pts dtherm tpr_shadow vnmi flexpriority ept vpid fsgsbase smep erms xsaveopt
bugs		:
bogomips	: 6784.85
clflush size	: 64
cache_alignment	: 64
address sizes	: 36 bits physical, 48 bits virtual
power management:

processor	: 1
vendor_id	: GenuineIntel
cpu family	: 6
model		: 58
model name	: Intel(R) Core(TM) i7-3770 CPU @ 3.40GHz
stepping	: 9
microcode	: 0x19
cpu MHz		: 3799.765
cache size	: 8192 KB
physical id	: 0
siblings	: 8
core id		: 1
cpu cores	: 4
apicid		: 2
initial apicid	: 2
fpu		: yes
fpu_exception	: yes
cpuid level	: 13
wp		: yes
flags		: fpu vme de pse tsc msr pae mce cx8 apic sep mtrr pge mca cmov pat pse36 clflush dts acpi mmx fxsr sse sse2 ss ht tm pbe syscall nx rdtscp lm constant_tsc arch_perfmon pebs bts rep_good nopl xtopology nonstop_tsc aperfmperf eagerfpu pni pclmulqdq dtes64 monitor ds_cpl vmx smx est tm2 ssse3 cx16 xtpr pdcm pcid sse4_1 sse4_2 x2apic popcnt tsc_deadline_timer aes xsave avx f16c rdrand lahf_lm ida arat epb pln pts dtherm tpr_shadow vnmi flexpriority ept vpid fsgsbase smep erms xsaveopt
bugs		:
bogomips	: 6784.85
clflush size	: 64
cache_alignment	: 64
address sizes	: 36 bits physical, 48 bits virtual
power management:

processor	: 2
vendor_id	: GenuineIntel
cpu family	: 6
model		: 58
model name	: Intel(R) Core(TM) i7-3770 CPU @ 3.40GHz
stepping	: 9
microcode	: 0x19
cpu MHz		: 3727.117
cache size	: 8192 KB
physical id	: 0
siblings	: 8
core id		: 2
cpu cores	: 4
apicid		: 4
initial apicid	: 4
fpu		: yes
fpu_exception	: yes
cpuid level	: 13
wp		: yes
flags		: fpu vme de pse tsc msr pae mce cx8 apic sep mtrr pge mca cmov pat pse36 clflush dts acpi mmx fxsr sse sse2 ss ht tm pbe syscall nx rdtscp lm constant_tsc arch_perfmon pebs bts rep_good nopl xtopology nonstop_tsc aperfmperf eagerfpu pni pclmulqdq dtes64 monitor ds_cpl vmx smx est tm2 ssse3 cx16 xtpr pdcm pcid sse4_1 sse4_2 x2apic popcnt tsc_deadline_timer aes xsave avx f16c rdrand lahf_lm ida arat epb pln pts dtherm tpr_shadow vnmi flexpriority ept vpid fsgsbase smep erms xsaveopt
bugs		:
bogomips	: 6784.85
clflush size	: 64
cache_alignment	: 64
address sizes	: 36 bits physical, 48 bits virtual
power management:

processor	: 3
vendor_id	: GenuineIntel
cpu family	: 6
model		: 58
model name	: Intel(R) Core(TM) i7-3770 CPU @ 3.40GHz
stepping	: 9
microcode	: 0x19
cpu MHz		: 3350.593
cache size	: 8192 KB
physical id	: 0
siblings	: 8
core id		: 3
cpu cores	: 4
apicid		: 6
initial apicid	: 6
fpu		: yes
fpu_exception	: yes
cpuid level	: 13
wp		: yes
flags		: fpu vme de pse tsc msr pae mce cx8 apic sep mtrr pge mca cmov pat pse36 clflush dts acpi mmx fxsr sse sse2 ss ht tm pbe syscall nx rdtscp lm constant_tsc arch_perfmon pebs bts rep_good nopl xtopology nonstop_tsc aperfmperf eagerfpu pni pclmulqdq dtes64 monitor ds_cpl vmx smx est tm2 ssse3 cx16 xtpr pdcm pcid sse4_1 sse4_2 x2apic popcnt tsc_deadline_timer aes xsave avx f16c rdrand lahf_lm ida arat epb pln pts dtherm tpr_shadow vnmi flexpriority ept vpid fsgsbase smep erms xsaveopt
bugs		:
bogomips	: 6784.85
clflush size	: 64
cache_alignment	: 64
address sizes	: 36 bits physical, 48 bits virtual
power management:

processor	: 4
vendor_id	: GenuineIntel
cpu family	: 6
model		: 58
model name	: Intel(R) Core(TM) i7-3770 CPU @ 3.40GHz
stepping	: 9
microcode	: 0x19
cpu MHz		: 3277.812
cache size	: 8192 KB
physical id	: 0
siblings	: 8
core id		: 0
cpu cores	: 4
apicid		: 1
initial apicid	: 1
fpu		: yes
fpu_exception	: yes
cpuid level	: 13
wp		: yes
flags		: fpu vme de pse tsc msr pae mce cx8 apic sep mtrr pge mca cmov pat pse36 clflush dts acpi mmx fxsr sse sse2 ss ht tm pbe syscall nx rdtscp lm constant_tsc arch_perfmon pebs bts rep_good nopl xtopology nonstop_tsc aperfmperf eagerfpu pni pclmulqdq dtes64 monitor ds_cpl vmx smx est tm2 ssse3 cx16 xtpr pdcm pcid sse4_1 sse4_2 x2apic popcnt tsc_deadline_timer aes xsave avx f16c rdrand lahf_lm ida arat epb pln pts dtherm tpr_shadow vnmi flexpriority ept vpid fsgsbase smep erms xsaveopt
bugs		:
bogomips	: 6784.85
clflush size	: 64
cache_alignment	: 64
address sizes	: 36 bits physical, 48 bits virtual
power management:

processor	: 5
vendor_id	: GenuineIntel
cpu family	: 6
model		: 58
model name	: Intel(R) Core(TM) i7-3770 CPU @ 3.40GHz
stepping	: 9
microcode	: 0x19
cpu MHz		: 3395.218
cache size	: 8192 KB
physical id	: 0
siblings	: 8
core id		: 1
cpu cores	: 4
apicid		: 3
initial apicid	: 3
fpu		: yes
fpu_exception	: yes
cpuid level	: 13
wp		: yes
flags		: fpu vme de pse tsc msr pae mce cx8 apic sep mtrr pge mca cmov pat pse36 clflush dts acpi mmx fxsr sse sse2 ss ht tm pbe syscall nx rdtscp lm constant_tsc arch_perfmon pebs bts rep_good nopl xtopology nonstop_tsc aperfmperf eagerfpu pni pclmulqdq dtes64 monitor ds_cpl vmx smx est tm2 ssse3 cx16 xtpr pdcm pcid sse4_1 sse4_2 x2apic popcnt tsc_deadline_timer aes xsave avx f16c rdrand lahf_lm ida arat epb pln pts dtherm tpr_shadow vnmi flexpriority ept vpid fsgsbase smep erms xsaveopt
bugs		:
bogomips	: 6784.85
clflush size	: 64
cache_alignment	: 64
address sizes	: 36 bits physical, 48 bits virtual
power management:

processor	: 6
vendor_id	: GenuineIntel
cpu family	: 6
model		: 58
model name	: Intel(R) Core(TM) i7-3770 CPU @ 3.40GHz
stepping	: 9
microcode	: 0x19
cpu MHz		: 1770.921
cache size	: 8192 KB
physical id	: 0
siblings	: 8
core id		: 2
cpu cores	: 4
apicid		: 5
initial apicid	: 5
fpu		: yes
fpu_exception	: yes
cpuid level	: 13
wp		: yes
flags		: fpu vme de pse tsc msr pae mce cx8 apic sep mtrr pge mca cmov pat pse36 clflush dts acpi mmx fxsr sse sse2 ss ht tm pbe syscall nx rdtscp lm constant_tsc arch_perfmon pebs bts rep_good nopl xtopology nonstop_tsc aperfmperf eagerfpu pni pclmulqdq dtes64 monitor ds_cpl vmx smx est tm2 ssse3 cx16 xtpr pdcm pcid sse4_1 sse4_2 x2apic popcnt tsc_deadline_timer aes xsave avx f16c rdrand lahf_lm ida arat epb pln pts dtherm tpr_shadow vnmi flexpriority ept vpid fsgsbase smep erms xsaveopt
bugs		:
bogomips	: 6784.85
clflush size	: 64
cache_alignment	: 64
address sizes	: 36 bits physical, 48 bits virtual
power management:

processor	: 7
vendor_id	: GenuineIntel
cpu family	: 6
model		: 58
model name	: Intel(R) Core(TM) i7-3770 CPU @ 3.40GHz
stepping	: 9
microcode	: 0x19
cpu MHz		: 3757.796
cache size	: 8192 KB
physical id	: 0
siblings	: 8
core id		: 3
cpu cores	: 4
apicid		: 7
initial apicid	: 7
fpu		: yes
fpu_exception	: yes
cpuid level	: 13
wp		: yes
flags		: fpu vme de pse tsc msr pae mce cx8 apic sep mtrr pge mca cmov pat pse36 clflush dts acpi mmx fxsr sse sse2 ss ht tm pbe syscall nx rdtscp lm constant_tsc arch_perfmon pebs bts rep_good nopl xtopology nonstop_tsc aperfmperf eagerfpu pni pclmulqdq dtes64 monitor ds_cpl vmx smx est tm2 ssse3 cx16 xtpr pdcm pcid sse4_1 sse4_2 x2apic popcnt tsc_deadline_timer aes xsave avx f16c rdrand lahf_lm ida arat epb pln pts dtherm tpr_shadow vnmi flexpriority ept vpid fsgsbase smep erms xsaveopt
bugs		:
bogomips	: 6784.85
clflush size	: 64
cache_alignment	: 64
address sizes	: 36 bits physical, 48 bits virtual
power management:



Memory: 4k page, physical 16390184k(8107800k free), swap 10000372k(5131872k free)

vm_info: OpenJDK 64-Bit Server VM (24.91-b01) for linux-amd64 JRE (1.7.0_91-b02), built on Nov 19 2015 06:14:16 by "buildd" with gcc 5.2.1 20151010

time: Tue Oct 18 11:10:28 2016
elapsed time: 0 seconds

