#
# There is insufficient memory for the Java Runtime Environment to continue.
# Native memory allocation (malloc) failed to allocate 14334492672 bytes for committing reserved memory.
# Possible reasons:
#   The system is out of physical RAM or swap space
#   In 32 bit mode, the process size limit was hit
# Possible solutions:
#   Reduce memory load on the system
#   Increase physical memory or swap space
#   Check if swap backing store is full
#   Use 64 bit Java on a 64 bit OS
#   Decrease Java heap size (-Xmx/-Xms)
#   Decrease number of Java threads
#   Decrease Java thread stack sizes (-Xss)
#   Set larger code cache with -XX:ReservedCodeCacheSize=
# This output file may be truncated or incomplete.
#
#  Out of Memory Error (os_linux.cpp:2827), pid=24960, tid=140414993647360
#
# JRE version:  (7.0_91-b02) (build )
# Java VM: OpenJDK 64-Bit Server VM (24.91-b01 mixed mode linux-amd64 compressed oops)
# Derivative: IcedTea 2.6.3
# Distribution: Ubuntu 15.10, package 7u91-2.6.3-0ubuntu0.15.10.1
# Failed to write core dump. Core dumps have been disabled. To enable core dumping, try "ulimit -c unlimited" before starting Java again
#

---------------  T H R E A D  ---------------

Current thread (0x00007fb4e000b000):  JavaThread "Unknown thread" [_thread_in_vm, id=25019, stack(0x00007fb4e9c14000,0x00007fb4e9d15000)]

Stack: [0x00007fb4e9c14000,0x00007fb4e9d15000],  sp=0x00007fb4e9d13530,  free space=1021k
Native frames: (J=compiled Java code, j=interpreted, Vv=VM code, C=native code)
V  [libjvm.so+0x9948f3]  VMError::report_and_die()+0x183
V  [libjvm.so+0x48a9df]  report_vm_out_of_memory(char const*, int, unsigned long, char const*)+0x8f
V  [libjvm.so+0x80143b]  os::pd_commit_memory(char*, unsigned long, unsigned long, bool)+0xeb
V  [libjvm.so+0x7fb82e]  os::commit_memory(char*, unsigned long, unsigned long, bool)+0x2e
V  [libjvm.so+0x991314]  VirtualSpace::expand_by(unsigned long, bool)+0x1c4
V  [libjvm.so+0x578372]  CardGeneration::CardGeneration(ReservedSpace, unsigned long, int, GenRemSet*)+0x102
V  [libjvm.so+0x45aeb3]  ConcurrentMarkSweepGeneration::ConcurrentMarkSweepGeneration(ReservedSpace, unsigned long, int, CardTableRS*, bool, FreeBlockDictionary<FreeChunk>::DictionaryChoice)+0x43
V  [libjvm.so+0x57901d]  GenerationSpec::init(ReservedSpace, int, GenRemSet*)+0x1ed
V  [libjvm.so+0x5673fd]  GenCollectedHeap::initialize()+0x35d
V  [libjvm.so+0x95f127]  Universe::initialize_heap()+0xc7
V  [libjvm.so+0x95f466]  universe_init()+0x76
V  [libjvm.so+0x5b574f]  init_globals()+0x5f
V  [libjvm.so+0x94312f]  Threads::create_vm(JavaVMInitArgs*, bool*)+0x2bf
V  [libjvm.so+0x626f69]  JNI_CreateJavaVM+0x69
C  [libjli.so+0x2b8e]


---------------  P R O C E S S  ---------------

Java Threads: ( => current thread )

Other Threads:

=>0x00007fb4e000b000 (exited) JavaThread "Unknown thread" [_thread_in_vm, id=25019, stack(0x00007fb4e9c14000,0x00007fb4e9d15000)]

VM state:not at safepoint (not fully initialized)

VM Mutex/Monitor currently owned by a thread: None

GC Heap History (0 events):
No events

Deoptimization events (0 events):
No events

Internal exceptions (0 events):
No events

Events (0 events):
No events


Dynamic libraries:
00400000-00401000 r-xp 00000000 08:05 267759                             /usr/lib/jvm/java-7-openjdk-amd64/jre/bin/java
00600000-00601000 r--p 00000000 08:05 267759                             /usr/lib/jvm/java-7-openjdk-amd64/jre/bin/java
00601000-00602000 rw-p 00001000 08:05 267759                             /usr/lib/jvm/java-7-openjdk-amd64/jre/bin/java
00bba000-00bdb000 rw-p 00000000 00:00 0                                  [heap]
347800000-371190000 rw-p 00000000 00:00 0 
6c7800000-800000000 rw-p 00000000 00:00 0 
7fb4b8000000-7fb4b8021000 rw-p 00000000 00:00 0 
7fb4b8021000-7fb4bc000000 ---p 00000000 00:00 0 
7fb4bda3b000-7fb4bdb88000 rw-p 00000000 00:00 0 
7fb4bdb88000-7fb4bffff000 rw-p 00000000 00:00 0 
7fb4bffff000-7fb4c0000000 rw-p 00000000 00:00 0 
7fb4c0000000-7fb4c0021000 rw-p 00000000 00:00 0 
7fb4c0021000-7fb4c4000000 ---p 00000000 00:00 0 
7fb4c4000000-7fb4c4021000 rw-p 00000000 00:00 0 
7fb4c4021000-7fb4c8000000 ---p 00000000 00:00 0 
7fb4c8000000-7fb4c8021000 rw-p 00000000 00:00 0 
7fb4c8021000-7fb4cc000000 ---p 00000000 00:00 0 
7fb4cc000000-7fb4cc021000 rw-p 00000000 00:00 0 
7fb4cc021000-7fb4d0000000 ---p 00000000 00:00 0 
7fb4d0000000-7fb4d0021000 rw-p 00000000 00:00 0 
7fb4d0021000-7fb4d4000000 ---p 00000000 00:00 0 
7fb4d4000000-7fb4d4021000 rw-p 00000000 00:00 0 
7fb4d4021000-7fb4d8000000 ---p 00000000 00:00 0 
7fb4d8000000-7fb4d8021000 rw-p 00000000 00:00 0 
7fb4d8021000-7fb4dc000000 ---p 00000000 00:00 0 
7fb4dd000000-7fb4dd270000 rwxp 00000000 00:00 0 
7fb4dd270000-7fb4e0035000 rw-p 00000000 00:00 0 
7fb4e0035000-7fb4e4000000 ---p 00000000 00:00 0 
7fb4e5558000-7fb4e5f99000 rw-p 00000000 00:00 0 
7fb4e5f99000-7fb4e5f9a000 ---p 00000000 00:00 0 
7fb4e5f9a000-7fb4e609a000 rw-p 00000000 00:00 0                          [stack:25027]
7fb4e609a000-7fb4e609b000 ---p 00000000 00:00 0 
7fb4e609b000-7fb4e619b000 rw-p 00000000 00:00 0                          [stack:25026]
7fb4e619b000-7fb4e619c000 ---p 00000000 00:00 0 
7fb4e619c000-7fb4e629c000 rw-p 00000000 00:00 0                          [stack:25025]
7fb4e629c000-7fb4e629d000 ---p 00000000 00:00 0 
7fb4e629d000-7fb4e639d000 rw-p 00000000 00:00 0                          [stack:25024]
7fb4e639d000-7fb4e639e000 ---p 00000000 00:00 0 
7fb4e639e000-7fb4e649e000 rw-p 00000000 00:00 0                          [stack:25023]
7fb4e649e000-7fb4e649f000 ---p 00000000 00:00 0 
7fb4e649f000-7fb4e659f000 rw-p 00000000 00:00 0                          [stack:25022]
7fb4e659f000-7fb4e65a0000 ---p 00000000 00:00 0 
7fb4e65a0000-7fb4e66a0000 rw-p 00000000 00:00 0                          [stack:25021]
7fb4e66a0000-7fb4e66a1000 ---p 00000000 00:00 0 
7fb4e66a1000-7fb4e67a1000 rw-p 00000000 00:00 0                          [stack:25020]
7fb4e67a1000-7fb4e67a9000 r-xp 00000000 08:05 267788                     /usr/lib/jvm/java-7-openjdk-amd64/jre/lib/amd64/libzip.so
7fb4e67a9000-7fb4e69a8000 ---p 00008000 08:05 267788                     /usr/lib/jvm/java-7-openjdk-amd64/jre/lib/amd64/libzip.so
7fb4e69a8000-7fb4e69a9000 r--p 00007000 08:05 267788                     /usr/lib/jvm/java-7-openjdk-amd64/jre/lib/amd64/libzip.so
7fb4e69a9000-7fb4e69aa000 rw-p 00008000 08:05 267788                     /usr/lib/jvm/java-7-openjdk-amd64/jre/lib/amd64/libzip.so
7fb4e69aa000-7fb4e69b6000 r-xp 00000000 08:05 5378177                    /lib/x86_64-linux-gnu/libnss_files-2.21.so
7fb4e69b6000-7fb4e6bb5000 ---p 0000c000 08:05 5378177                    /lib/x86_64-linux-gnu/libnss_files-2.21.so
7fb4e6bb5000-7fb4e6bb6000 r--p 0000b000 08:05 5378177                    /lib/x86_64-linux-gnu/libnss_files-2.21.so
7fb4e6bb6000-7fb4e6bb7000 rw-p 0000c000 08:05 5378177                    /lib/x86_64-linux-gnu/libnss_files-2.21.so
7fb4e6bb7000-7fb4e6bc2000 r-xp 00000000 08:05 5380123                    /lib/x86_64-linux-gnu/libnss_nis-2.21.so
7fb4e6bc2000-7fb4e6dc1000 ---p 0000b000 08:05 5380123                    /lib/x86_64-linux-gnu/libnss_nis-2.21.so
7fb4e6dc1000-7fb4e6dc2000 r--p 0000a000 08:05 5380123                    /lib/x86_64-linux-gnu/libnss_nis-2.21.so
7fb4e6dc2000-7fb4e6dc3000 rw-p 0000b000 08:05 5380123                    /lib/x86_64-linux-gnu/libnss_nis-2.21.so
7fb4e6dc3000-7fb4e6dda000 r-xp 00000000 08:05 5378224                    /lib/x86_64-linux-gnu/libnsl-2.21.so
7fb4e6dda000-7fb4e6fd9000 ---p 00017000 08:05 5378224                    /lib/x86_64-linux-gnu/libnsl-2.21.so
7fb4e6fd9000-7fb4e6fda000 r--p 00016000 08:05 5378224                    /lib/x86_64-linux-gnu/libnsl-2.21.so
7fb4e6fda000-7fb4e6fdb000 rw-p 00017000 08:05 5378224                    /lib/x86_64-linux-gnu/libnsl-2.21.so
7fb4e6fdb000-7fb4e6fdd000 rw-p 00000000 00:00 0 
7fb4e6fdd000-7fb4e6fe5000 r-xp 00000000 08:05 5378186                    /lib/x86_64-linux-gnu/libnss_compat-2.21.so
7fb4e6fe5000-7fb4e71e4000 ---p 00008000 08:05 5378186                    /lib/x86_64-linux-gnu/libnss_compat-2.21.so
7fb4e71e4000-7fb4e71e5000 r--p 00007000 08:05 5378186                    /lib/x86_64-linux-gnu/libnss_compat-2.21.so
7fb4e71e5000-7fb4e71e6000 rw-p 00008000 08:05 5378186                    /lib/x86_64-linux-gnu/libnss_compat-2.21.so
7fb4e71e6000-7fb4e7212000 r-xp 00000000 08:05 267796                     /usr/lib/jvm/java-7-openjdk-amd64/jre/lib/amd64/libjava.so
7fb4e7212000-7fb4e7411000 ---p 0002c000 08:05 267796                     /usr/lib/jvm/java-7-openjdk-amd64/jre/lib/amd64/libjava.so
7fb4e7411000-7fb4e7412000 r--p 0002b000 08:05 267796                     /usr/lib/jvm/java-7-openjdk-amd64/jre/lib/amd64/libjava.so
7fb4e7412000-7fb4e7414000 rw-p 0002c000 08:05 267796                     /usr/lib/jvm/java-7-openjdk-amd64/jre/lib/amd64/libjava.so
7fb4e7414000-7fb4e7423000 r-xp 00000000 08:05 267810                     /usr/lib/jvm/java-7-openjdk-amd64/jre/lib/amd64/libverify.so
7fb4e7423000-7fb4e7622000 ---p 0000f000 08:05 267810                     /usr/lib/jvm/java-7-openjdk-amd64/jre/lib/amd64/libverify.so
7fb4e7622000-7fb4e7624000 r--p 0000e000 08:05 267810                     /usr/lib/jvm/java-7-openjdk-amd64/jre/lib/amd64/libverify.so
7fb4e7624000-7fb4e7625000 rw-p 00010000 08:05 267810                     /usr/lib/jvm/java-7-openjdk-amd64/jre/lib/amd64/libverify.so
7fb4e7625000-7fb4e762c000 r-xp 00000000 08:05 5378156                    /lib/x86_64-linux-gnu/librt-2.21.so
7fb4e762c000-7fb4e782b000 ---p 00007000 08:05 5378156                    /lib/x86_64-linux-gnu/librt-2.21.so
7fb4e782b000-7fb4e782c000 r--p 00006000 08:05 5378156                    /lib/x86_64-linux-gnu/librt-2.21.so
7fb4e782c000-7fb4e782d000 rw-p 00007000 08:05 5378156                    /lib/x86_64-linux-gnu/librt-2.21.so
7fb4e782d000-7fb4e7843000 r-xp 00000000 08:05 5373993                    /lib/x86_64-linux-gnu/libgcc_s.so.1
7fb4e7843000-7fb4e7a42000 ---p 00016000 08:05 5373993                    /lib/x86_64-linux-gnu/libgcc_s.so.1
7fb4e7a42000-7fb4e7a43000 r--p 00015000 08:05 5373993                    /lib/x86_64-linux-gnu/libgcc_s.so.1
7fb4e7a43000-7fb4e7a44000 rw-p 00016000 08:05 5373993                    /lib/x86_64-linux-gnu/libgcc_s.so.1
7fb4e7a44000-7fb4e7b4b000 r-xp 00000000 08:05 5380126                    /lib/x86_64-linux-gnu/libm-2.21.so
7fb4e7b4b000-7fb4e7d4a000 ---p 00107000 08:05 5380126                    /lib/x86_64-linux-gnu/libm-2.21.so
7fb4e7d4a000-7fb4e7d4b000 r--p 00106000 08:05 5380126                    /lib/x86_64-linux-gnu/libm-2.21.so
7fb4e7d4b000-7fb4e7d4c000 rw-p 00107000 08:05 5380126                    /lib/x86_64-linux-gnu/libm-2.21.so
7fb4e7d4c000-7fb4e7ebf000 r-xp 00000000 08:05 263471                     /usr/lib/x86_64-linux-gnu/libstdc++.so.6.0.21
7fb4e7ebf000-7fb4e80be000 ---p 00173000 08:05 263471                     /usr/lib/x86_64-linux-gnu/libstdc++.so.6.0.21
7fb4e80be000-7fb4e80c8000 r--p 00172000 08:05 263471                     /usr/lib/x86_64-linux-gnu/libstdc++.so.6.0.21
7fb4e80c8000-7fb4e80ca000 rw-p 0017c000 08:05 263471                     /usr/lib/x86_64-linux-gnu/libstdc++.so.6.0.21
7fb4e80ca000-7fb4e80ce000 rw-p 00000000 00:00 0 
7fb4e80ce000-7fb4e8c1f000 r-xp 00000000 08:05 267802                     /usr/lib/jvm/java-7-openjdk-amd64/jre/lib/amd64/server/libjvm.so
7fb4e8c1f000-7fb4e8e1e000 ---p 00b51000 08:05 267802                     /usr/lib/jvm/java-7-openjdk-amd64/jre/lib/amd64/server/libjvm.so
7fb4e8e1e000-7fb4e8eaf000 r--p 00b50000 08:05 267802                     /usr/lib/jvm/java-7-openjdk-amd64/jre/lib/amd64/server/libjvm.so
7fb4e8eaf000-7fb4e8ed2000 rw-p 00be1000 08:05 267802                     /usr/lib/jvm/java-7-openjdk-amd64/jre/lib/amd64/server/libjvm.so
7fb4e8ed2000-7fb4e8efd000 rw-p 00000000 00:00 0 
7fb4e8efd000-7fb4e8f16000 r-xp 00000000 08:05 5374009                    /lib/x86_64-linux-gnu/libz.so.1.2.8
7fb4e8f16000-7fb4e9115000 ---p 00019000 08:05 5374009                    /lib/x86_64-linux-gnu/libz.so.1.2.8
7fb4e9115000-7fb4e9116000 r--p 00018000 08:05 5374009                    /lib/x86_64-linux-gnu/libz.so.1.2.8
7fb4e9116000-7fb4e9117000 rw-p 00019000 08:05 5374009                    /lib/x86_64-linux-gnu/libz.so.1.2.8
7fb4e9117000-7fb4e912f000 r-xp 00000000 08:05 5378159                    /lib/x86_64-linux-gnu/libpthread-2.21.so
7fb4e912f000-7fb4e932f000 ---p 00018000 08:05 5378159                    /lib/x86_64-linux-gnu/libpthread-2.21.so
7fb4e932f000-7fb4e9330000 r--p 00018000 08:05 5378159                    /lib/x86_64-linux-gnu/libpthread-2.21.so
7fb4e9330000-7fb4e9331000 rw-p 00019000 08:05 5378159                    /lib/x86_64-linux-gnu/libpthread-2.21.so
7fb4e9331000-7fb4e9335000 rw-p 00000000 00:00 0 
7fb4e9335000-7fb4e9338000 r-xp 00000000 08:05 5378442                    /lib/x86_64-linux-gnu/libdl-2.21.so
7fb4e9338000-7fb4e9537000 ---p 00003000 08:05 5378442                    /lib/x86_64-linux-gnu/libdl-2.21.so
7fb4e9537000-7fb4e9538000 r--p 00002000 08:05 5378442                    /lib/x86_64-linux-gnu/libdl-2.21.so
7fb4e9538000-7fb4e9539000 rw-p 00003000 08:05 5378442                    /lib/x86_64-linux-gnu/libdl-2.21.so
7fb4e9539000-7fb4e96f9000 r-xp 00000000 08:05 5380127                    /lib/x86_64-linux-gnu/libc-2.21.so
7fb4e96f9000-7fb4e98f9000 ---p 001c0000 08:05 5380127                    /lib/x86_64-linux-gnu/libc-2.21.so
7fb4e98f9000-7fb4e98fd000 r--p 001c0000 08:05 5380127                    /lib/x86_64-linux-gnu/libc-2.21.so
7fb4e98fd000-7fb4e98ff000 rw-p 001c4000 08:05 5380127                    /lib/x86_64-linux-gnu/libc-2.21.so
7fb4e98ff000-7fb4e9903000 rw-p 00000000 00:00 0 
7fb4e9903000-7fb4e9910000 r-xp 00000000 08:05 267811                     /usr/lib/jvm/java-7-openjdk-amd64/jre/lib/amd64/jli/libjli.so
7fb4e9910000-7fb4e9b0f000 ---p 0000d000 08:05 267811                     /usr/lib/jvm/java-7-openjdk-amd64/jre/lib/amd64/jli/libjli.so
7fb4e9b0f000-7fb4e9b10000 r--p 0000c000 08:05 267811                     /usr/lib/jvm/java-7-openjdk-amd64/jre/lib/amd64/jli/libjli.so
7fb4e9b10000-7fb4e9b11000 rw-p 0000d000 08:05 267811                     /usr/lib/jvm/java-7-openjdk-amd64/jre/lib/amd64/jli/libjli.so
7fb4e9b11000-7fb4e9b35000 r-xp 00000000 08:05 5378277                    /lib/x86_64-linux-gnu/ld-2.21.so
7fb4e9b54000-7fb4e9b5e000 rw-p 00000000 00:00 0 
7fb4e9b5e000-7fb4e9c14000 rw-p 00000000 00:00 0 
7fb4e9c14000-7fb4e9c17000 ---p 00000000 00:00 0 
7fb4e9c17000-7fb4e9d1a000 rw-p 00000000 00:00 0                          [stack:25019]
7fb4e9d25000-7fb4e9d27000 rw-p 00000000 00:00 0 
7fb4e9d27000-7fb4e9d2f000 rw-s 00000000 08:05 270259                     /tmp/hsperfdata_hadoop/24960
7fb4e9d2f000-7fb4e9d31000 rw-p 00000000 00:00 0 
7fb4e9d31000-7fb4e9d32000 r--p 00000000 00:00 0 
7fb4e9d32000-7fb4e9d34000 rw-p 00000000 00:00 0 
7fb4e9d34000-7fb4e9d35000 r--p 00023000 08:05 5378277                    /lib/x86_64-linux-gnu/ld-2.21.so
7fb4e9d35000-7fb4e9d36000 rw-p 00024000 08:05 5378277                    /lib/x86_64-linux-gnu/ld-2.21.so
7fb4e9d36000-7fb4e9d37000 rw-p 00000000 00:00 0 
7ffd34755000-7ffd34778000 rw-p 00000000 00:00 0                          [stack]
7ffd347c3000-7ffd347c5000 r--p 00000000 00:00 0                          [vvar]
7ffd347c5000-7ffd347c7000 r-xp 00000000 00:00 0                          [vdso]
ffffffffff600000-ffffffffff601000 r-xp 00000000 00:00 0                  [vsyscall]

VM Arguments:
jvm_args: -Dtachyon.zookeeper.address=spark-1423-0003:2181,spark-1421-0003:2181,spark-1421-0004:2181,spark-1421-0005:2181,spark-1421-0006:2181 -Dtachyon.usezookeeper=true -Xms10000m -Xmx14096m -XX:MaxPermSize=5000m -verbose:gc -XX:+PrintGCDetails -XX:+PrintGCTimeStamps -XX:-UseGCOverheadLimit -XX:+UseConcMarkSweepGC -XX:+UseCompressedOops -XX:+UseCompressedStrings -Dspark.storage.blockManagerHeartBeatMs=60000 -Dspark.local.dir=/home/hadoop/software/cloud/tmp -XX:+PrintGCDetails -XX:+PrintGCTimeStamps -Xloggc:/home/hadoop/software/cloud/spark-1.4.0/logs/gc.log -XX:+UseConcMarkSweepGC -XX:+UseCMSCompactAtFullCollection -XX:CMSInitiatingOccupancyFraction=60 -Xms14G -Xmx14G 
java_command: org.apache.spark.deploy.SparkSubmit --master spark://spark-1421-0002:7077,spark-1421-0001:7077 --class com.ynu.MetaSpark --name metaspark_1k /home/hadoop/haozhangRS/matespark/github/MetaSpark/MetaSpark-v2.0/MetaSpark-v2.0/target/MetaSparkV2-0.0.1-SNAPSHOT-executable.jar --read hdfs://hadoop-cluster/common-data/bioinfo/frhit/fr-hit-read-ref/out_1000_read.txt --ref hdfs://hadoop-cluster/common-data/bioinfo/frhit/Bacteria-Data/Bacteria-Data-1.3/ref --refindex hdfs://hadoop-cluster/common-data/bioinfo/frhit/ref-index-1.3 --result hdfs://hadoop-cluster/common-data/bioinfo/f
Launcher Type: SUN_STANDARD

Environment Variables:
JAVA_HOME=/usr/lib/jvm/java-1.7.0-openjdk-amd64
JRE_HOME=/usr/lib/jvm/java-1.7.0-openjdk-amd64/jre
CLASSPATH=.:/usr/lib/jvm/java-1.7.0-openjdk-amd64/lib:/usr/lib/jvm/java-1.7.0-openjdk-amd64/jre/lib
PATH=/home/hadoop/software/cloud/apache-hive-1.0.1-bin/bin:/home/hadoop/software/dev/apache-maven-3.2.5/bin:/home/hadoop/software/cloud/zookeeper-3.4.6/bin:/home/hadoop/software/cloud/hbase-1.0.0/bin:/home/hadoop/software/dev/scala-2.10.4/bin:/home/hadoop/software/cloud/spark-1.4.0/sbin:/home/hadoop/software/cloud/spark-1.4.0/bin:/home/hadoop/software/dev/idea-IU-139.1117.1/bin:/home/hadoop/software/cloud/hadoop-2.6.0/bin:/home/hadoop/software/cloud/hadoop-2.6.0/sbin:/usr/local/sbin:/usr/local/bin:/usr/sbin:/usr/bin:/sbin:/bin:/usr/games:/usr/local/games
SHELL=/bin/bash
DISPLAY=:0

Signal Handlers:
SIGSEGV: [libjvm.so+0x995450], sa_mask[0]=0x7ffbfeff, sa_flags=0x10000004
SIGBUS: [libjvm.so+0x995450], sa_mask[0]=0x7ffbfeff, sa_flags=0x10000004
SIGFPE: [libjvm.so+0x7fc6a0], sa_mask[0]=0x7ffbfeff, sa_flags=0x10000004
SIGPIPE: [libjvm.so+0x7fc6a0], sa_mask[0]=0x7ffbfeff, sa_flags=0x10000004
SIGXFSZ: [libjvm.so+0x7fc6a0], sa_mask[0]=0x7ffbfeff, sa_flags=0x10000004
SIGILL: [libjvm.so+0x7fc6a0], sa_mask[0]=0x7ffbfeff, sa_flags=0x10000004
SIGUSR1: SIG_DFL, sa_mask[0]=0x00000000, sa_flags=0x00000000
SIGUSR2: [libjvm.so+0x7fc520], sa_mask[0]=0x00000000, sa_flags=0x10000004
SIGHUP: SIG_DFL, sa_mask[0]=0x00000000, sa_flags=0x00000000
SIGINT: SIG_DFL, sa_mask[0]=0x00000000, sa_flags=0x00000000
SIGTERM: SIG_DFL, sa_mask[0]=0x00000000, sa_flags=0x00000000
SIGQUIT: SIG_DFL, sa_mask[0]=0x00000000, sa_flags=0x00000000
SIGTRAP: SIG_DFL, sa_mask[0]=0x00000000, sa_flags=0x00000000


---------------  S Y S T E M  ---------------

OS:Ubuntu 15.10 (wily)
uname:Linux 4.2.0-23-generic #28-Ubuntu SMP Sun Dec 27 17:47:31 UTC 2015 x86_64
libc:glibc 2.21 NPTL 2.21 
rlimit: STACK 8192k, CORE 0k, NPROC 63097, NOFILE 65536, AS infinity
load average:0.65 0.42 0.25

/proc/meminfo:
MemTotal:       16390184 kB
MemFree:         6859880 kB
MemAvailable:    8833108 kB
Buffers:          565828 kB
Cached:          1298340 kB
SwapCached:       112028 kB
Active:          7327628 kB
Inactive:        1797292 kB
Active(anon):    5954520 kB
Inactive(anon):  1326532 kB
Active(file):    1373108 kB
Inactive(file):   470760 kB
Unevictable:          96 kB
Mlocked:              96 kB
SwapTotal:      10000372 kB
SwapFree:        4496540 kB
Dirty:              5776 kB
Writeback:             0 kB
AnonPages:       7149616 kB
Mapped:           224108 kB
Shmem:             20300 kB
Slab:             239176 kB
SReclaimable:     189840 kB
SUnreclaim:        49336 kB
KernelStack:       16768 kB
PageTables:        61908 kB
NFS_Unstable:          0 kB
Bounce:                0 kB
WritebackTmp:          0 kB
CommitLimit:    18195464 kB
Committed_AS:   39662288 kB
VmallocTotal:   34359738367 kB
VmallocUsed:      116616 kB
VmallocChunk:   34359497052 kB
HardwareCorrupted:     0 kB
AnonHugePages:   3983360 kB
CmaTotal:              0 kB
CmaFree:               0 kB
HugePages_Total:       0
HugePages_Free:        0
HugePages_Rsvd:        0
HugePages_Surp:        0
Hugepagesize:       2048 kB
DirectMap4k:      268872 kB
DirectMap2M:    16465920 kB


CPU:total 8 (4 cores per cpu, 2 threads per core) family 6 model 58 stepping 9, cmov, cx8, fxsr, mmx, sse, sse2, sse3, ssse3, sse4.1, sse4.2, popcnt, avx, aes, erms, ht, tsc, tscinvbit, tscinv

/proc/cpuinfo:
processor	: 0
vendor_id	: GenuineIntel
cpu family	: 6
model		: 58
model name	: Intel(R) Core(TM) i7-3770 CPU @ 3.40GHz
stepping	: 9
microcode	: 0x19
cpu MHz		: 3830.710
cache size	: 8192 KB
physical id	: 0
siblings	: 8
core id		: 0
cpu cores	: 4
apicid		: 0
initial apicid	: 0
fpu		: yes
fpu_exception	: yes
cpuid level	: 13
wp		: yes
flags		: fpu vme de pse tsc msr pae mce cx8 apic sep mtrr pge mca cmov pat pse36 clflush dts acpi mmx fxsr sse sse2 ss ht tm pbe syscall nx rdtscp lm constant_tsc arch_perfmon pebs bts rep_good nopl xtopology nonstop_tsc aperfmperf eagerfpu pni pclmulqdq dtes64 monitor ds_cpl vmx smx est tm2 ssse3 cx16 xtpr pdcm pcid sse4_1 sse4_2 x2apic popcnt tsc_deadline_timer aes xsave avx f16c rdrand lahf_lm ida arat epb pln pts dtherm tpr_shadow vnmi flexpriority ept vpid fsgsbase smep erms xsaveopt
bugs		:
bogomips	: 6784.85
clflush size	: 64
cache_alignment	: 64
address sizes	: 36 bits physical, 48 bits virtual
power management:

processor	: 1
vendor_id	: GenuineIntel
cpu family	: 6
model		: 58
model name	: Intel(R) Core(TM) i7-3770 CPU @ 3.40GHz
stepping	: 9
microcode	: 0x19
cpu MHz		: 3844.390
cache size	: 8192 KB
physical id	: 0
siblings	: 8
core id		: 1
cpu cores	: 4
apicid		: 2
initial apicid	: 2
fpu		: yes
fpu_exception	: yes
cpuid level	: 13
wp		: yes
flags		: fpu vme de pse tsc msr pae mce cx8 apic sep mtrr pge mca cmov pat pse36 clflush dts acpi mmx fxsr sse sse2 ss ht tm pbe syscall nx rdtscp lm constant_tsc arch_perfmon pebs bts rep_good nopl xtopology nonstop_tsc aperfmperf eagerfpu pni pclmulqdq dtes64 monitor ds_cpl vmx smx est tm2 ssse3 cx16 xtpr pdcm pcid sse4_1 sse4_2 x2apic popcnt tsc_deadline_timer aes xsave avx f16c rdrand lahf_lm ida arat epb pln pts dtherm tpr_shadow vnmi flexpriority ept vpid fsgsbase smep erms xsaveopt
bugs		:
bogomips	: 6784.85
clflush size	: 64
cache_alignment	: 64
address sizes	: 36 bits physical, 48 bits virtual
power management:

processor	: 2
vendor_id	: GenuineIntel
cpu family	: 6
model		: 58
model name	: Intel(R) Core(TM) i7-3770 CPU @ 3.40GHz
stepping	: 9
microcode	: 0x19
cpu MHz		: 2945.781
cache size	: 8192 KB
physical id	: 0
siblings	: 8
core id		: 2
cpu cores	: 4
apicid		: 4
initial apicid	: 4
fpu		: yes
fpu_exception	: yes
cpuid level	: 13
wp		: yes
flags		: fpu vme de pse tsc msr pae mce cx8 apic sep mtrr pge mca cmov pat pse36 clflush dts acpi mmx fxsr sse sse2 ss ht tm pbe syscall nx rdtscp lm constant_tsc arch_perfmon pebs bts rep_good nopl xtopology nonstop_tsc aperfmperf eagerfpu pni pclmulqdq dtes64 monitor ds_cpl vmx smx est tm2 ssse3 cx16 xtpr pdcm pcid sse4_1 sse4_2 x2apic popcnt tsc_deadline_timer aes xsave avx f16c rdrand lahf_lm ida arat epb pln pts dtherm tpr_shadow vnmi flexpriority ept vpid fsgsbase smep erms xsaveopt
bugs		:
bogomips	: 6784.85
clflush size	: 64
cache_alignment	: 64
address sizes	: 36 bits physical, 48 bits virtual
power management:

processor	: 3
vendor_id	: GenuineIntel
cpu family	: 6
model		: 58
model name	: Intel(R) Core(TM) i7-3770 CPU @ 3.40GHz
stepping	: 9
microcode	: 0x19
cpu MHz		: 3837.882
cache size	: 8192 KB
physical id	: 0
siblings	: 8
core id		: 3
cpu cores	: 4
apicid		: 6
initial apicid	: 6
fpu		: yes
fpu_exception	: yes
cpuid level	: 13
wp		: yes
flags		: fpu vme de pse tsc msr pae mce cx8 apic sep mtrr pge mca cmov pat pse36 clflush dts acpi mmx fxsr sse sse2 ss ht tm pbe syscall nx rdtscp lm constant_tsc arch_perfmon pebs bts rep_good nopl xtopology nonstop_tsc aperfmperf eagerfpu pni pclmulqdq dtes64 monitor ds_cpl vmx smx est tm2 ssse3 cx16 xtpr pdcm pcid sse4_1 sse4_2 x2apic popcnt tsc_deadline_timer aes xsave avx f16c rdrand lahf_lm ida arat epb pln pts dtherm tpr_shadow vnmi flexpriority ept vpid fsgsbase smep erms xsaveopt
bugs		:
bogomips	: 6784.85
clflush size	: 64
cache_alignment	: 64
address sizes	: 36 bits physical, 48 bits virtual
power management:

processor	: 4
vendor_id	: GenuineIntel
cpu family	: 6
model		: 58
model name	: Intel(R) Core(TM) i7-3770 CPU @ 3.40GHz
stepping	: 9
microcode	: 0x19
cpu MHz		: 3866.968
cache size	: 8192 KB
physical id	: 0
siblings	: 8
core id		: 0
cpu cores	: 4
apicid		: 1
initial apicid	: 1
fpu		: yes
fpu_exception	: yes
cpuid level	: 13
wp		: yes
flags		: fpu vme de pse tsc msr pae mce cx8 apic sep mtrr pge mca cmov pat pse36 clflush dts acpi mmx fxsr sse sse2 ss ht tm pbe syscall nx rdtscp lm constant_tsc arch_perfmon pebs bts rep_good nopl xtopology nonstop_tsc aperfmperf eagerfpu pni pclmulqdq dtes64 monitor ds_cpl vmx smx est tm2 ssse3 cx16 xtpr pdcm pcid sse4_1 sse4_2 x2apic popcnt tsc_deadline_timer aes xsave avx f16c rdrand lahf_lm ida arat epb pln pts dtherm tpr_shadow vnmi flexpriority ept vpid fsgsbase smep erms xsaveopt
bugs		:
bogomips	: 6784.85
clflush size	: 64
cache_alignment	: 64
address sizes	: 36 bits physical, 48 bits virtual
power management:

processor	: 5
vendor_id	: GenuineIntel
cpu family	: 6
model		: 58
model name	: Intel(R) Core(TM) i7-3770 CPU @ 3.40GHz
stepping	: 9
microcode	: 0x19
cpu MHz		: 3606.921
cache size	: 8192 KB
physical id	: 0
siblings	: 8
core id		: 1
cpu cores	: 4
apicid		: 3
initial apicid	: 3
fpu		: yes
fpu_exception	: yes
cpuid level	: 13
wp		: yes
flags		: fpu vme de pse tsc msr pae mce cx8 apic sep mtrr pge mca cmov pat pse36 clflush dts acpi mmx fxsr sse sse2 ss ht tm pbe syscall nx rdtscp lm constant_tsc arch_perfmon pebs bts rep_good nopl xtopology nonstop_tsc aperfmperf eagerfpu pni pclmulqdq dtes64 monitor ds_cpl vmx smx est tm2 ssse3 cx16 xtpr pdcm pcid sse4_1 sse4_2 x2apic popcnt tsc_deadline_timer aes xsave avx f16c rdrand lahf_lm ida arat epb pln pts dtherm tpr_shadow vnmi flexpriority ept vpid fsgsbase smep erms xsaveopt
bugs		:
bogomips	: 6784.85
clflush size	: 64
cache_alignment	: 64
address sizes	: 36 bits physical, 48 bits virtual
power management:

processor	: 6
vendor_id	: GenuineIntel
cpu family	: 6
model		: 58
model name	: Intel(R) Core(TM) i7-3770 CPU @ 3.40GHz
stepping	: 9
microcode	: 0x19
cpu MHz		: 3798.570
cache size	: 8192 KB
physical id	: 0
siblings	: 8
core id		: 2
cpu cores	: 4
apicid		: 5
initial apicid	: 5
fpu		: yes
fpu_exception	: yes
cpuid level	: 13
wp		: yes
flags		: fpu vme de pse tsc msr pae mce cx8 apic sep mtrr pge mca cmov pat pse36 clflush dts acpi mmx fxsr sse sse2 ss ht tm pbe syscall nx rdtscp lm constant_tsc arch_perfmon pebs bts rep_good nopl xtopology nonstop_tsc aperfmperf eagerfpu pni pclmulqdq dtes64 monitor ds_cpl vmx smx est tm2 ssse3 cx16 xtpr pdcm pcid sse4_1 sse4_2 x2apic popcnt tsc_deadline_timer aes xsave avx f16c rdrand lahf_lm ida arat epb pln pts dtherm tpr_shadow vnmi flexpriority ept vpid fsgsbase smep erms xsaveopt
bugs		:
bogomips	: 6784.85
clflush size	: 64
cache_alignment	: 64
address sizes	: 36 bits physical, 48 bits virtual
power management:

processor	: 7
vendor_id	: GenuineIntel
cpu family	: 6
model		: 58
model name	: Intel(R) Core(TM) i7-3770 CPU @ 3.40GHz
stepping	: 9
microcode	: 0x19
cpu MHz		: 3668.945
cache size	: 8192 KB
physical id	: 0
siblings	: 8
core id		: 3
cpu cores	: 4
apicid		: 7
initial apicid	: 7
fpu		: yes
fpu_exception	: yes
cpuid level	: 13
wp		: yes
flags		: fpu vme de pse tsc msr pae mce cx8 apic sep mtrr pge mca cmov pat pse36 clflush dts acpi mmx fxsr sse sse2 ss ht tm pbe syscall nx rdtscp lm constant_tsc arch_perfmon pebs bts rep_good nopl xtopology nonstop_tsc aperfmperf eagerfpu pni pclmulqdq dtes64 monitor ds_cpl vmx smx est tm2 ssse3 cx16 xtpr pdcm pcid sse4_1 sse4_2 x2apic popcnt tsc_deadline_timer aes xsave avx f16c rdrand lahf_lm ida arat epb pln pts dtherm tpr_shadow vnmi flexpriority ept vpid fsgsbase smep erms xsaveopt
bugs		:
bogomips	: 6784.85
clflush size	: 64
cache_alignment	: 64
address sizes	: 36 bits physical, 48 bits virtual
power management:



Memory: 4k page, physical 16390184k(6859880k free), swap 10000372k(4496540k free)

vm_info: OpenJDK 64-Bit Server VM (24.91-b01) for linux-amd64 JRE (1.7.0_91-b02), built on Nov 19 2015 06:14:16 by "buildd" with gcc 5.2.1 20151010

time: Sun Oct 23 16:48:37 2016
elapsed time: 0 seconds

